<?xml version="1.0" encoding="UTF-8"?>
<coverage generated="1602512710476" clover="3.2.0">
  <project timestamp="1602512710476" name="All files">
    <metrics statements="15" coveredstatements="15" conditionals="0" coveredconditionals="0" methods="7" coveredmethods="7" elements="22" coveredelements="22" complexity="0" loc="15" ncloc="15" packages="1" files="3" classes="3"/>
    <file name="Item.js" path="/Users/isabellaaston/Desktop/WhiteHat/restaurantsApp/Item.js">
      <metrics statements="3" coveredstatements="3" conditionals="0" coveredconditionals="0" methods="1" coveredmethods="1"/>
      <line num="3" count="5" type="stmt"/>
      <line num="4" count="5" type="stmt"/>
      <line num="8" count="3" type="stmt"/>
    </file>
    <file name="Menu.js" path="/Users/isabellaaston/Desktop/WhiteHat/restaurantsApp/Menu.js">
      <metrics statements="6" coveredstatements="6" conditionals="0" coveredconditionals="0" methods="3" coveredmethods="3"/>
      <line num="3" count="6" type="stmt"/>
      <line num="4" count="6" type="stmt"/>
      <line num="8" count="2" type="stmt"/>
      <line num="12" count="1" type="stmt"/>
      <line num="13" count="1" type="stmt"/>
      <line num="17" count="2" type="stmt"/>
    </file>
    <file name="Restaurant.js" path="/Users/isabellaaston/Desktop/WhiteHat/restaurantsApp/Restaurant.js">
      <metrics statements="6" coveredstatements="6" conditionals="0" coveredconditionals="0" methods="3" coveredmethods="3"/>
      <line num="3" count="3" type="stmt"/>
      <line num="4" count="3" type="stmt"/>
      <line num="8" count="2" type="stmt"/>
      <line num="12" count="1" type="stmt"/>
      <line num="13" count="1" type="stmt"/>
      <line num="17" count="1" type="stmt"/>
    </file>
  </project>
</coverage>
